26.04.2026 21:45:23 [info]: GET /api/book - IP: ::1
26.04.2026 21:45:23 [info]: GET /api/auth/me - IP: ::1
26.04.2026 21:45:29 [info]: GET /api/auth/me - IP: ::1
26.04.2026 21:45:29 [info]: GET /uploads/1776784617455-0.5231729828381234.jpg - IP: ::1
26.04.2026 21:45:29 [info]: GET /uploads/1776866858555-0.38953304227560503.jpg - IP: ::1
26.04.2026 21:45:29 [info]: GET /api/book - IP: ::1
26.04.2026 21:45:29 [info]: GET /api/auth/me - IP: ::1
26.04.2026 21:45:32 [info]: GET /api/auth/me - IP: ::1
26.04.2026 21:45:32 [info]: GET /api/admin/stats - IP: ::1
26.04.2026 21:45:34 [info]: GET /api/user - IP: ::1
26.04.2026 21:45:35 [info]: GET /api/user - IP: ::1
26.04.2026 21:45:36 [info]: GET /api/book - IP: ::1
26.04.2026 21:45:36 [info]: GET /api/user - IP: ::1
26.04.2026 21:45:37 [info]: GET /uploads/1776784617455-0.5231729828381234.jpg - IP: ::1
26.04.2026 21:45:37 [info]: GET /api/book - IP: ::1
26.04.2026 21:45:37 [info]: GET /uploads/1776866858555-0.38953304227560503.jpg - IP: ::1
26.04.2026 21:45:38 [info]: GET /api/user - IP: ::1
26.04.2026 21:45:39 [info]: GET /api/book - IP: ::1
26.04.2026 21:45:40 [info]: GET /api/admin/stats - IP: ::1
26.04.2026 21:45:40 [info]: GET /api/book - IP: ::1
26.04.2026 21:45:41 [info]: GET /api/user - IP: ::1
26.04.2026 21:45:43 [info]: GET /api/book - IP: ::1
26.04.2026 21:45:43 [info]: GET /api/user - IP: ::1
26.04.2026 22:06:14 [info]: GET /api/auth/me - IP: ::1
26.04.2026 22:06:32 [info]: GET /api/auth/me - IP: ::1
26.04.2026 22:16:33 [info]: GET /api/auth/me - IP: ::1
26.04.2026 22:17:18 [info]: GET /api/auth/me - IP: ::1
27.04.2026 05:28:54 [info]: GET /api/auth/me - IP: ::1
27.04.2026 05:28:57 [info]: POST /api/auth/login - IP: ::1
27.04.2026 05:28:57 [info]: GET /api/book - IP: ::1
27.04.2026 05:28:57 [info]: GET /api/auth/me - IP: ::1
27.04.2026 05:28:57 [info]: GET /uploads/1776866858555-0.38953304227560503.jpg - IP: ::1
27.04.2026 05:28:57 [info]: GET /uploads/1776784617455-0.5231729828381234.jpg - IP: ::1
27.04.2026 05:29:27 [info]: GET /api/admin/stats - IP: ::1
27.04.2026 05:29:27 [info]: GET /api/auth/me - IP: ::1
27.04.2026 05:29:41 [info]: GET /api/user - IP: ::1
27.04.2026 05:29:43 [info]: GET /api/user - IP: ::1
27.04.2026 06:02:28 [info]: GET /uploads/1776784617455-0.5231729828381234.jpg - IP: ::1
27.04.2026 06:02:28 [info]: GET /uploads/1776866858555-0.38953304227560503.jpg - IP: ::1
27.04.2026 06:02:28 [info]: GET /api/book - IP: ::1
27.04.2026 06:02:34 [info]: GET /api/user - IP: ::1
27.04.2026 06:22:30 [info]: GET /uploads/1776784617455-0.5231729828381234.jpg - IP: ::1
27.04.2026 06:22:30 [info]: GET /uploads/1776866858555-0.38953304227560503.jpg - IP: ::1
27.04.2026 06:22:30 [info]: GET /api/book - IP: ::1
27.04.2026 06:22:40 [info]: GET /api/auth/me - IP: ::1
27.04.2026 06:22:45 [info]: GET /api/book - IP: ::1
27.04.2026 06:22:45 [info]: GET /uploads/1776784617455-0.5231729828381234.jpg - IP: ::1
27.04.2026 06:22:45 [info]: GET /uploads/1776866858555-0.38953304227560503.jpg - IP: ::1
27.04.2026 06:22:53 [info]: GET /api/book - IP: ::1
27.04.2026 06:22:53 [info]: GET /api/auth/me - IP: ::1
27.04.2026 06:22:53 [info]: GET /uploads/1776866858555-0.38953304227560503.jpg - IP: ::1
27.04.2026 06:22:53 [info]: GET /uploads/1776784617455-0.5231729828381234.jpg - IP: ::1
27.04.2026 06:23:10 [info]: GET /api/auth/me - IP: ::1
27.04.2026 06:24:09 [info]: GET /api/auth/me - IP: ::1
27.04.2026 06:24:15 [info]: GET /api/book/ - IP: ::1
27.04.2026 06:24:15 [info]: GET /api/auth/me - IP: ::1
27.04.2026 06:24:23 [info]: GET /uploads/1776784617455-0.5231729828381234.jpg - IP: ::1
27.04.2026 06:24:23 [info]: GET /uploads/1776866858555-0.38953304227560503.jpg - IP: ::1
27.04.2026 06:24:27 [info]: GET /api/book/ - IP: ::1
27.04.2026 06:24:27 [info]: GET /api/auth/me - IP: ::1
27.04.2026 06:24:27 [info]: GET /uploads/1776784617455-0.5231729828381234.jpg - IP: ::1
27.04.2026 06:24:27 [info]: GET /uploads/1776866858555-0.38953304227560503.jpg - IP: ::1
27.04.2026 06:24:41 [info]: GET /api/auth/me - IP: ::1
27.04.2026 06:24:52 [info]: GET /api/auth/me - IP: ::1
27.04.2026 06:26:31 [info]: GET /api/auth/me - IP: ::1
27.04.2026 06:26:57 [info]: GET /api/auth/me - IP: ::1
27.04.2026 06:32:09 [info]: GET /api/auth/me - IP: ::1
27.04.2026 06:33:17 [info]: GET /api/book/69e8d62ac9f2f4a1385ff1e8 - IP: ::1
27.04.2026 06:33:32 [info]: GET /api/book/69e8d62ac9f2f4a1385ff1e8 - IP: ::1
27.04.2026 06:33:32 [info]: GET //uploads/1776866858555-0.38953304227560503.jpg - IP: ::1
27.04.2026 06:33:38 [info]: GET /uploads/1776866858555-0.38953304227560503.jpg - IP: ::1
27.04.2026 06:33:38 [info]: GET /api/book/69e8d62ac9f2f4a1385ff1e8 - IP: ::1
27.04.2026 06:33:43 [info]: GET /api/book - IP: ::1
27.04.2026 06:33:43 [info]: GET /uploads/1776784617455-0.5231729828381234.jpg - IP: ::1
27.04.2026 06:33:44 [info]: GET /api/book/ - IP: ::1
27.04.2026 06:33:46 [info]: GET /api/book/69e794e9a8428545ae56af6f - IP: ::1
27.04.2026 06:33:51 [info]: POST /api/borrow/69e794e9a8428545ae56af6f - IP: ::1
27.04.2026 06:33:58 [info]: GET /api/auth/me - IP: ::1
27.04.2026 06:34:01 [info]: POST /api/auth/login - IP: ::1
27.04.2026 06:34:05 [info]: GET /uploads/1776866858555-0.38953304227560503.jpg - IP: ::1
27.04.2026 06:34:05 [info]: GET /api/book - IP: ::1
27.04.2026 06:34:05 [info]: GET /api/auth/me - IP: ::1
27.04.2026 06:34:09 [info]: GET /api/book/ - IP: ::1
27.04.2026 06:34:09 [info]: GET /api/book - IP: ::1
27.04.2026 06:34:11 [info]: GET /api/book/ - IP: ::1
27.04.2026 06:34:12 [info]: GET /api/book/69e794e9a8428545ae56af6f - IP: ::1
27.04.2026 06:34:16 [info]: POST /api/borrow/69e794e9a8428545ae56af6f - IP: ::1
27.04.2026 06:34:25 [info]: GET /api/book/69e794e9a8428545ae56af6f - IP: ::1
27.04.2026 06:34:25 [info]: GET /api/auth/me - IP: ::1
27.04.2026 06:34:25 [info]: GET /uploads/1776784617455-0.5231729828381234.jpg - IP: ::1
27.04.2026 06:34:28 [info]: POST /api/borrow/69e794e9a8428545ae56af6f - IP: ::1
27.04.2026 06:34:37 [info]: GET /api/book/69e794e9a8428545ae56af6f - IP: ::1
27.04.2026 06:34:37 [info]: GET /api/auth/me - IP: ::1
27.04.2026 06:34:40 [info]: GET /uploads/1776784617455-0.5231729828381234.jpg - IP: ::1
27.04.2026 06:34:46 [info]: GET /api/admin/stats - IP: ::1
27.04.2026 06:34:46 [info]: GET /api/auth/me - IP: ::1
27.04.2026 06:34:47 [info]: GET /api/user - IP: ::1
27.04.2026 06:34:48 [info]: GET /api/book - IP: ::1
27.04.2026 06:34:48 [info]: GET /uploads/1776866858555-0.38953304227560503.jpg - IP: ::1
27.04.2026 06:34:54 [info]: GET /api/book - IP: ::1
27.04.2026 06:34:54 [info]: GET /api/auth/me - IP: ::1
27.04.2026 06:34:54 [info]: GET /uploads/1776784617455-0.5231729828381234.jpg - IP: ::1
27.04.2026 06:34:54 [info]: GET /uploads/1776866858555-0.38953304227560503.jpg - IP: ::1
27.04.2026 06:35:01 [info]: GET /api/auth/me - IP: ::1
27.04.2026 06:35:02 [info]: GET /api/book/ - IP: ::1
27.04.2026 06:35:02 [info]: GET /uploads/1776784617455-0.5231729828381234.jpg - IP: ::1
27.04.2026 06:35:02 [info]: GET /uploads/1776866858555-0.38953304227560503.jpg - IP: ::1
27.04.2026 06:35:05 [info]: GET /api/book/69e8d62ac9f2f4a1385ff1e8 - IP: ::1
27.04.2026 06:35:06 [info]: POST /api/borrow/69e8d62ac9f2f4a1385ff1e8 - IP: ::1
27.04.2026 06:35:27 [info]: POST /api/borrow/69e8d62ac9f2f4a1385ff1e8 - IP: ::1
27.04.2026 06:35:34 [info]: GET /api/book/69e8d62ac9f2f4a1385ff1e8 - IP: ::1
27.04.2026 06:35:34 [info]: GET /api/auth/me - IP: ::1
27.04.2026 06:35:34 [info]: GET /uploads/1776866858555-0.38953304227560503.jpg - IP: ::1
27.04.2026 06:35:40 [info]: POST /api/borrow/69e8d62ac9f2f4a1385ff1e8/return - IP: ::1
27.04.2026 06:35:43 [info]: GET /api/book/69e8d62ac9f2f4a1385ff1e8 - IP: ::1
27.04.2026 06:35:43 [info]: GET /api/auth/me - IP: ::1
27.04.2026 06:35:43 [info]: GET /uploads/1776866858555-0.38953304227560503.jpg - IP: ::1
27.04.2026 06:35:45 [info]: POST /api/borrow/69e8d62ac9f2f4a1385ff1e8 - IP: ::1
27.04.2026 06:35:50 [info]: GET /api/book/69e8d62ac9f2f4a1385ff1e8 - IP: ::1
27.04.2026 06:35:50 [info]: GET /api/auth/me - IP: ::1
27.04.2026 06:35:50 [info]: GET /uploads/1776866858555-0.38953304227560503.jpg - IP: ::1
27.04.2026 06:35:51 [info]: POST /api/borrow/69e8d62ac9f2f4a1385ff1e8/return - IP: ::1
27.04.2026 06:36:02 [info]: GET /api/book - IP: ::1
27.04.2026 06:36:05 [info]: GET /uploads/1776866858555-0.38953304227560503.jpg - IP: ::1
27.04.2026 06:36:05 [info]: GET /uploads/1776784617455-0.5231729828381234.jpg - IP: ::1
27.04.2026 06:37:04 [info]: GET /api/book - IP: ::1
27.04.2026 06:37:04 [info]: GET /api/auth/me - IP: ::1
27.04.2026 06:37:06 [info]: GET /uploads/1776866858555-0.38953304227560503.jpg - IP: ::1
27.04.2026 06:37:06 [info]: GET /uploads/1776784617455-0.5231729828381234.jpg - IP: ::1
27.04.2026 06:37:21 [info]: GET /api/book/ - IP: ::1
27.04.2026 06:37:21 [info]: GET /uploads/1776784617455-0.5231729828381234.jpg - IP: ::1
27.04.2026 06:37:21 [info]: GET /uploads/1776866858555-0.38953304227560503.jpg - IP: ::1
27.04.2026 06:37:24 [info]: GET /api/book - IP: ::1
28.04.2026 05:00:37 [info]: GET /api/book - IP: ::ffff:127.0.0.1
28.04.2026 05:00:37 [info]: GET /api/auth/me - IP: ::ffff:127.0.0.1
28.04.2026 05:00:46 [info]: GET /api/book - IP: ::1
28.04.2026 05:00:46 [info]: GET /api/auth/me - IP: ::1
28.04.2026 05:00:51 [info]: GET /api/auth/me - IP: ::1
28.04.2026 05:00:51 [info]: GET /uploads/1776784617455-0.5231729828381234.jpg - IP: ::1
28.04.2026 05:00:51 [info]: GET /api/book - IP: ::1
28.04.2026 05:00:51 [info]: GET /uploads/1776866858555-0.38953304227560503.jpg - IP: ::1
28.04.2026 05:00:51 [info]: GET /api/auth/me - IP: ::1
28.04.2026 05:01:01 [info]: GET /api/book/ - IP: ::1
28.04.2026 05:01:05 [info]: GET /api/book/69e8d62ac9f2f4a1385ff1e8 - IP: ::1
28.04.2026 05:01:08 [info]: GET /api/book/69e8d62ac9f2f4a1385ff1e8 - IP: ::1
28.04.2026 05:01:08 [info]: GET /api/auth/me - IP: ::1
28.04.2026 05:01:08 [info]: GET /uploads/1776866858555-0.38953304227560503.jpg - IP: ::1
28.04.2026 05:01:11 [info]: GET /api/book/ - IP: ::1
28.04.2026 05:01:11 [info]: GET /uploads/1776784617455-0.5231729828381234.jpg - IP: ::1
28.04.2026 05:01:14 [info]: GET /api/book/69e794e9a8428545ae56af6f - IP: ::1
28.04.2026 05:01:16 [info]: POST /api/borrow/69e794e9a8428545ae56af6f - IP: ::1
28.04.2026 05:01:17 [info]: POST /api/borrow/69e794e9a8428545ae56af6f - IP: ::1
28.04.2026 05:01:25 [info]: POST /api/borrow/69e794e9a8428545ae56af6f - IP: ::1
28.04.2026 05:01:28 [info]: POST /api/borrow/69e794e9a8428545ae56af6f - IP: ::1
28.04.2026 05:01:31 [info]: GET /api/book/69e794e9a8428545ae56af6f - IP: ::1
28.04.2026 05:01:31 [info]: GET /api/auth/me - IP: ::1
28.04.2026 05:01:31 [info]: GET /uploads/1776784617455-0.5231729828381234.jpg - IP: ::1
28.04.2026 05:01:35 [info]: GET /api/book/ - IP: ::1
28.04.2026 05:01:35 [info]: GET /uploads/1776866858555-0.38953304227560503.jpg - IP: ::1
28.04.2026 05:01:37 [info]: GET /api/book/69e8d62ac9f2f4a1385ff1e8 - IP: ::1
28.04.2026 05:01:39 [info]: POST /api/borrow/69e8d62ac9f2f4a1385ff1e8 - IP: ::1
28.04.2026 05:01:42 [info]: GET /api/book/69e8d62ac9f2f4a1385ff1e8 - IP: ::1
28.04.2026 05:01:42 [info]: GET /api/auth/me - IP: ::1
28.04.2026 05:01:42 [info]: GET /uploads/1776866858555-0.38953304227560503.jpg - IP: ::1
28.04.2026 05:01:44 [info]: POST /api/borrow/69e8d62ac9f2f4a1385ff1e8/return - IP: ::1
30.04.2026 23:30:46 [info]: GET /api/book - IP: ::1
30.04.2026 23:30:46 [info]: GET /api/auth/me - IP: ::1
30.04.2026 23:30:46 [info]: GET /uploads/1776866858555-0.38953304227560503.jpg - IP: ::1
30.04.2026 23:30:46 [info]: GET /uploads/1776784617455-0.5231729828381234.jpg - IP: ::1
30.04.2026 23:30:49 [info]: GET /api/auth/me - IP: ::1
30.04.2026 23:30:49 [info]: GET /api/admin/stats - IP: ::1
30.04.2026 23:30:51 [info]: GET /api/book - IP: ::1
30.04.2026 23:31:03 [info]: GET /api/book - IP: ::1
30.04.2026 23:31:03 [info]: GET /api/auth/me - IP: ::1
30.04.2026 23:31:06 [info]: GET /api/book - IP: ::1
30.04.2026 23:31:06 [info]: GET /api/auth/me - IP: ::1
30.04.2026 23:31:10 [info]: GET /api/auth/me - IP: ::1
30.04.2026 23:31:10 [info]: GET /uploads/1776866858555-0.38953304227560503.jpg - IP: ::1
30.04.2026 23:31:10 [info]: GET /uploads/1776784617455-0.5231729828381234.jpg - IP: ::1
30.04.2026 23:31:10 [info]: GET /api/book - IP: ::1
30.04.2026 23:31:10 [info]: GET /api/auth/me - IP: ::1
30.04.2026 23:31:15 [info]: GET /api/auth/me - IP: ::1
30.04.2026 23:31:15 [info]: GET /api/admin/stats - IP: ::1
30.04.2026 23:31:17 [info]: GET /api/user - IP: ::1
30.04.2026 23:31:26 [info]: GET /api/book - IP: ::1
30.04.2026 23:31:26 [info]: GET /api/auth/me - IP: ::1
30.04.2026 23:31:26 [info]: GET /uploads/1776866858555-0.38953304227560503.jpg - IP: ::1
30.04.2026 23:31:26 [info]: GET /uploads/1776784617455-0.5231729828381234.jpg - IP: ::1
30.04.2026 23:31:28 [info]: GET /api/auth/me - IP: ::1
30.04.2026 23:31:36 [info]: POST /api/auth/login - IP: ::1
30.04.2026 23:31:36 [info]: GET /api/book - IP: ::1
30.04.2026 23:31:36 [info]: GET /api/auth/me - IP: ::1
30.04.2026 23:31:43 [info]: GET /api/book/ - IP: ::1
30.04.2026 23:31:50 [info]: GET /api/book/69e8d62ac9f2f4a1385ff1e8 - IP: ::1
30.04.2026 23:31:50 [info]: GET /uploads/1776866858555-0.38953304227560503.jpg - IP: ::1
30.04.2026 23:31:51 [info]: POST /api/borrow/69e8d62ac9f2f4a1385ff1e8 - IP: ::1
30.04.2026 23:31:56 [info]: POST /api/borrow/69e8d62ac9f2f4a1385ff1e8 - IP: ::1
30.04.2026 23:31:58 [info]: GET /api/book/69e8d62ac9f2f4a1385ff1e8 - IP: ::1
30.04.2026 23:31:58 [info]: GET /api/auth/me - IP: ::1
30.04.2026 23:31:58 [info]: GET /uploads/1776866858555-0.38953304227560503.jpg - IP: ::1
30.04.2026 23:32:00 [info]: POST /api/borrow/69e8d62ac9f2f4a1385ff1e8/return - IP: ::1
30.04.2026 23:32:05 [info]: GET /api/book/69e8d62ac9f2f4a1385ff1e8 - IP: ::1
30.04.2026 23:32:05 [info]: GET /api/auth/me - IP: ::1
30.04.2026 23:32:05 [info]: GET /uploads/1776866858555-0.38953304227560503.jpg - IP: ::1
30.04.2026 23:32:06 [info]: POST /api/borrow/69e8d62ac9f2f4a1385ff1e8 - IP: ::1
30.04.2026 23:32:12 [info]: GET /api/auth/me - IP: ::1
30.04.2026 23:32:15 [info]: POST /api/auth/login - IP: ::1
30.04.2026 23:32:15 [info]: GET /api/book - IP: ::1
30.04.2026 23:32:15 [info]: GET /api/auth/me - IP: ::1
30.04.2026 23:32:15 [info]: GET /uploads/1776866858555-0.38953304227560503.jpg - IP: ::1
30.04.2026 23:32:15 [info]: GET /uploads/1776784617455-0.5231729828381234.jpg - IP: ::1
30.04.2026 23:32:17 [info]: GET /api/book/ - IP: ::1
30.04.2026 23:32:19 [info]: GET /api/book - IP: ::1
30.04.2026 23:32:20 [info]: GET /api/book/ - IP: ::1
30.04.2026 23:32:22 [info]: GET /api/book/69e8d62ac9f2f4a1385ff1e8 - IP: ::1
30.04.2026 23:32:23 [info]: POST /api/borrow/69e8d62ac9f2f4a1385ff1e8/return - IP: ::1
